<?xml version="1.0" encoding="UTF-8"?>
<!-- Generated by org.testng.reporters.JUnitXMLReporter -->
<testsuite ignored="0" hostname="MUKESH" failures="0" tests="3" name="Test" time="12.436" errors="0" timestamp="2023-04-20T17:11:59 IST">
  <testcase classname="Test_Scenarios.TestMethods_GoogleSearch" name="SearchOperation" time="5.679"/>
  <testcase classname="Test_Scenarios.TestMethods_GoogleSearch" name="VerifyandAccessFacebook" time="2.695"/>
  <testcase classname="Test_Scenarios.TestMethods_GoogleSearch" name="VerifyLogin" time="1.072"/>
</testsuite> <!-- Test -->
