<?xml version="1.0" encoding="UTF-8"?>
<!-- Generated by org.testng.reporters.JUnitXMLReporter -->
<testsuite ignored="0" hostname="MUKESH" failures="0" tests="3" name="Default test" time="11.954" errors="0" timestamp="2023-04-20T17:09:22 IST">
  <testcase classname="Test_Scenarios.TestMethods_GoogleSearch" name="SearchOperation" time="4.889"/>
  <testcase classname="Test_Scenarios.TestMethods_GoogleSearch" name="VerifyandAccessFacebook" time="2.738"/>
  <testcase classname="Test_Scenarios.TestMethods_GoogleSearch" name="VerifyLogin" time="1.368"/>
</testsuite> <!-- Default test -->
