<?xml version="1.0" encoding="UTF-8"?>
<testng-results ignored="0" total="3" passed="3" failed="0" skipped="0">
  <reporter-output>
  </reporter-output>
  <suite started-at="2023-04-20T17:11:47 IST" name="Suite" finished-at="2023-04-20T17:11:59 IST" duration-ms="12436">
    <groups>
    </groups>
    <test started-at="2023-04-20T17:11:47 IST" name="Test" finished-at="2023-04-20T17:11:59 IST" duration-ms="12436">
      <class name="Test_Scenarios.TestMethods_GoogleSearch">
        <test-method is-config="true" signature="beforetest()[pri:0, instance:Test_Scenarios.TestMethods_GoogleSearch@323b36e0]" started-at="2023-04-20T17:11:47 IST" name="beforetest" finished-at="2023-04-20T17:11:50 IST" duration-ms="2759" status="PASS">
          <reporter-output>
          </reporter-output>
        </test-method> <!-- beforetest -->
        <test-method signature="SearchOperation()[pri:0, instance:Test_Scenarios.TestMethods_GoogleSearch@323b36e0]" started-at="2023-04-20T17:11:50 IST" name="SearchOperation" finished-at="2023-04-20T17:11:55 IST" duration-ms="5679" status="PASS">
          <reporter-output>
          </reporter-output>
        </test-method> <!-- SearchOperation -->
        <test-method signature="VerifyandAccessFacebook()[pri:1, instance:Test_Scenarios.TestMethods_GoogleSearch@323b36e0]" started-at="2023-04-20T17:11:55 IST" name="VerifyandAccessFacebook" finished-at="2023-04-20T17:11:58 IST" duration-ms="2695" status="PASS">
          <reporter-output>
          </reporter-output>
        </test-method> <!-- VerifyandAccessFacebook -->
        <test-method signature="VerifyLogin()[pri:2, instance:Test_Scenarios.TestMethods_GoogleSearch@323b36e0]" started-at="2023-04-20T17:11:58 IST" name="VerifyLogin" finished-at="2023-04-20T17:11:59 IST" duration-ms="1072" status="PASS">
          <reporter-output>
          </reporter-output>
        </test-method> <!-- VerifyLogin -->
        <test-method is-config="true" signature="aftertest()[pri:0, instance:Test_Scenarios.TestMethods_GoogleSearch@323b36e0]" started-at="2023-04-20T17:11:59 IST" name="aftertest" finished-at="2023-04-20T17:11:59 IST" duration-ms="200" status="PASS">
          <reporter-output>
          </reporter-output>
        </test-method> <!-- aftertest -->
      </class> <!-- Test_Scenarios.TestMethods_GoogleSearch -->
    </test> <!-- Test -->
  </suite> <!-- Suite -->
</testng-results>
